生成启动时间为 2021/5/2 12:42:38。
     1>项目“C:\Users\james\Desktop\Python\4.8\4.8\4.8.vcxproj”在节点 2 上(build 个目标)。
     1>InitializeBuildStatus:
         正在对“Debug\4.8.unsuccessfulbuild”执行 Touch 任务。
       ClCompile:
         C:\Program Files (x86)\Microsoft Visual Studio 10.0\VC\bin\CL.exe /c /ZI /nologo /W3 /WX- /Od /Oy- /D _MBCS /Gm /EHsc /RTC1 /MDd /GS /fp:precise /Zc:wchar_t /Zc:forScope /Fo"Debug\\" /Fd"Debug\vc100.pdb" /Gd /TP /analyze- /errorReport:prompt 1.cpp
         1.cpp
         所有输出均为最新。
       Link:
         C:\Program Files (x86)\Microsoft Visual Studio 10.0\VC\bin\link.exe /ERRORREPORT:PROMPT /OUT:"C:\Users\james\Desktop\Python\4.8\Debug\4.8.exe" /NOLOGO kernel32.lib user32.lib gdi32.lib winspool.lib comdlg32.lib advapi32.lib shell32.lib ole32.lib oleaut32.lib uuid.lib odbc32.lib odbccp32.lib /MANIFEST /ManifestFile:"Debug\4.8.exe.intermediate.manifest" /MANIFESTUAC:"level='asInvoker' uiAccess='false'" /DEBUG /PDB:"C:\Users\james\Desktop\Python\4.8\Debug\4.8.pdb" /SUBSYSTEM:CONSOLE /TLBID:1 /DYNAMICBASE /NXCOMPAT /IMPLIB:"C:\Users\james\Desktop\Python\4.8\Debug\4.8.lib" /MACHINE:X86 Debug\1.obj
         Debug\add.obj
         LINK : 没有找到 C:\Users\james\Desktop\Python\4.8\Debug\4.8.exe 或上一个增量链接没有生成它；正在执行完全链接
         4.8.vcxproj -> C:\Users\james\Desktop\Python\4.8\Debug\4.8.exe
       Manifest:
         C:\Program Files (x86)\Microsoft SDKs\Windows\v7.0A\bin\mt.exe /nologo /verbose /outputresource:"C:\Users\james\Desktop\Python\4.8\Debug\4.8.exe;#1" /manifest Debug\4.8.exe.intermediate.manifest
       FinalizeBuildStatus:
         正在删除文件“Debug\4.8.unsuccessfulbuild”。
         正在对“Debug\4.8.lastbuildstate”执行 Touch 任务。
     1>已完成生成项目“C:\Users\james\Desktop\Python\4.8\4.8\4.8.vcxproj”(build 个目标)的操作。

生成成功。

已用时间 00:00:01.57
